Start testing: Jan 30 22:30 IST
----------------------------------------------------------
1/1 Testing: hash_table_tests
1/1 Test: hash_table_tests
Command: "/home/idan/projects/personal/kutiles/build/tests/test_hash_table"
Directory: /home/idan/projects/personal/kutiles/build/tests
"hash_table_tests" start time: Jan 30 22:30 IST
Output:
----------------------------------------------------------
All hash table tests passed ✅
<end of output>
Test time =   0.00 sec
----------------------------------------------------------
Test Passed.
"hash_table_tests" end time: Jan 30 22:30 IST
"hash_table_tests" time elapsed: 00:00:00
----------------------------------------------------------

End testing: Jan 30 22:30 IST
